0 info it worked if it ends with ok
1 verbose cli [ '/usr/bin/nodejs', '/usr/bin/npm', 'install', 'grunt', '--save' ]
2 info using npm@3.5.2
3 info using node@v4.2.6
4 silly loadCurrentTree Starting
5 silly install loadCurrentTree
6 silly install readLocalPackageData
7 silly fetchPackageMetaData grunt
8 silly fetchNamedPackageData grunt
9 silly mapToRegistry name grunt
10 silly mapToRegistry using default registry
11 silly mapToRegistry registry https://registry.npmjs.org/
12 silly mapToRegistry uri https://registry.npmjs.org/grunt
13 verbose request uri https://registry.npmjs.org/grunt
14 verbose request no auth needed
15 info attempt registry request try #1 at 11:56:20 PM
16 verbose request id 662558604d5d9bec
17 verbose etag W/"59e70592-18ca2"
18 verbose lastModified Wed, 18 Oct 2017 07:41:06 GMT
19 http request GET https://registry.npmjs.org/grunt
20 http 304 https://registry.npmjs.org/grunt
21 verbose headers { date: 'Mon, 23 Oct 2017 18:26:20 GMT',
21 verbose headers   via: '1.1 varnish',
21 verbose headers   'cache-control': 'max-age=300',
21 verbose headers   etag: 'W/"59e70592-18ca2"',
21 verbose headers   age: '21',
21 verbose headers   connection: 'keep-alive',
21 verbose headers   'x-served-by': 'cache-sin18033-SIN',
21 verbose headers   'x-cache': 'HIT',
21 verbose headers   'x-cache-hits': '1',
21 verbose headers   'x-timer': 'S1508783181.509768,VS0,VE0',
21 verbose headers   vary: 'Accept-Encoding, Accept' }
22 silly get cb [ 304,
22 silly get   { date: 'Mon, 23 Oct 2017 18:26:20 GMT',
22 silly get     via: '1.1 varnish',
22 silly get     'cache-control': 'max-age=300',
22 silly get     etag: 'W/"59e70592-18ca2"',
22 silly get     age: '21',
22 silly get     connection: 'keep-alive',
22 silly get     'x-served-by': 'cache-sin18033-SIN',
22 silly get     'x-cache': 'HIT',
22 silly get     'x-cache-hits': '1',
22 silly get     'x-timer': 'S1508783181.509768,VS0,VE0',
22 silly get     vary: 'Accept-Encoding, Accept' } ]
23 verbose etag https://registry.npmjs.org/grunt from cache
24 verbose get saving grunt to /home/joydeep/.npm/registry.npmjs.org/grunt/.cache.json
25 silly install normalizeTree
26 silly loadCurrentTree Finishing
27 silly loadIdealTree Starting
28 silly install loadIdealTree
29 silly cloneCurrentTree Starting
30 silly install cloneCurrentTreeToIdealTree
31 silly cloneCurrentTree Finishing
32 silly loadShrinkwrap Starting
33 silly install loadShrinkwrap
34 silly loadShrinkwrap Finishing
35 silly loadAllDepsIntoIdealTree Starting
36 silly install loadAllDepsIntoIdealTree
37 silly rollbackFailedOptional Starting
38 silly rollbackFailedOptional Finishing
39 silly runTopLevelLifecycles Starting
40 silly runTopLevelLifecycles Finishing
41 silly install printInstalled
42 verbose stack Error: Refusing to install grunt as a dependency of itself
42 verbose stack     at checkSelf (/usr/share/npm/lib/install/validate-args.js:40:14)
42 verbose stack     at Array.<anonymous> (/usr/share/npm/node_modules/slide/lib/bind-actor.js:15:8)
42 verbose stack     at LOOP (/usr/share/npm/node_modules/slide/lib/chain.js:15:14)
42 verbose stack     at chain (/usr/share/npm/node_modules/slide/lib/chain.js:20:5)
42 verbose stack     at /usr/share/npm/lib/install/validate-args.js:15:5
42 verbose stack     at /usr/share/npm/node_modules/slide/lib/async-map.js:52:35
42 verbose stack     at Array.forEach (native)
42 verbose stack     at /usr/share/npm/node_modules/slide/lib/async-map.js:52:11
42 verbose stack     at Array.forEach (native)
42 verbose stack     at asyncMap (/usr/share/npm/node_modules/slide/lib/async-map.js:51:8)
43 verbose cwd /home/joydeep/Desktop/testerpage/tryTypescript/grunt
44 error Linux 4.4.0-97-generic
45 error argv "/usr/bin/nodejs" "/usr/bin/npm" "install" "grunt" "--save"
46 error node v4.2.6
47 error npm  v3.5.2
48 error code ENOSELF
49 error Refusing to install grunt as a dependency of itself
50 error If you need help, you may report this error at:
50 error     <https://github.com/npm/npm/issues>
51 verbose exit [ 1, true ]
